<?xml version="1.0" encoding="UTF-8"?>
<coverage generated="1765131050283" clover="3.2.0">
  <project timestamp="1765131050283" name="All files">
    <metrics statements="113" coveredstatements="100" conditionals="80" coveredconditionals="59" methods="31" coveredmethods="25" elements="224" coveredelements="184" complexity="0" loc="113" ncloc="113" packages="1" files="2" classes="2"/>
    <file name="TransactionForm.tsx" path="C:\Users\PC\Desktop\proyectos-github\tenpo-transactions-challenge\frontend\src\components\TransactionForm.tsx">
      <metrics statements="71" coveredstatements="67" conditionals="47" coveredconditionals="39" methods="18" coveredmethods="17"/>
      <line num="14" count="49" type="stmt"/>
      <line num="15" count="49" type="stmt"/>
      <line num="16" count="49" type="stmt"/>
      <line num="17" count="49" type="stmt"/>
      <line num="18" count="49" type="stmt"/>
      <line num="20" count="49" type="stmt"/>
      <line num="21" count="49" type="stmt"/>
      <line num="23" count="49" type="stmt"/>
      <line num="24" count="196" type="stmt"/>
      <line num="25" count="49" type="stmt"/>
      <line num="30" count="49" type="stmt"/>
      <line num="32" count="49" type="stmt"/>
      <line num="33" count="25" type="stmt"/>
      <line num="35" count="25" type="cond" truecount="2" falsecount="0"/>
      <line num="36" count="1" type="stmt"/>
      <line num="37" count="24" type="cond" truecount="1" falsecount="1"/>
      <line num="38" count="0" type="stmt"/>
      <line num="41" count="25" type="cond" truecount="2" falsecount="0"/>
      <line num="42" count="6" type="stmt"/>
      <line num="45" count="25" type="cond" truecount="2" falsecount="0"/>
      <line num="46" count="17" type="stmt"/>
      <line num="49" count="25" type="cond" truecount="2" falsecount="0"/>
      <line num="50" count="23" type="stmt"/>
      <line num="52" count="2" type="stmt"/>
      <line num="53" count="2" type="stmt"/>
      <line num="54" count="2" type="cond" truecount="1" falsecount="1"/>
      <line num="55" count="0" type="stmt"/>
      <line num="59" count="25" type="stmt"/>
      <line num="62" count="49" type="stmt"/>
      <line num="63" count="24" type="stmt"/>
      <line num="66" count="49" type="stmt"/>
      <line num="67" count="1" type="stmt"/>
      <line num="69" count="1" type="stmt"/>
      <line num="70" count="1" type="stmt"/>
      <line num="71" count="1" type="stmt"/>
      <line num="73" count="1" type="cond" truecount="1" falsecount="1"/>
      <line num="75" count="1" type="stmt"/>
      <line num="76" count="1" type="cond" truecount="1" falsecount="1"/>
      <line num="77" count="1" type="stmt"/>
      <line num="80" count="1" type="stmt"/>
      <line num="87" count="1" type="stmt"/>
      <line num="88" count="1" type="stmt"/>
      <line num="89" count="1" type="stmt"/>
      <line num="91" count="1" type="stmt"/>
      <line num="92" count="1" type="stmt"/>
      <line num="94" count="1" type="stmt"/>
      <line num="95" count="1" type="stmt"/>
      <line num="96" count="1" type="stmt"/>
      <line num="97" count="1" type="stmt"/>
      <line num="98" count="1" type="stmt"/>
      <line num="99" count="1" type="stmt"/>
      <line num="102" count="0" type="cond" truecount="0" falsecount="3"/>
      <line num="105" count="0" type="stmt"/>
      <line num="107" count="1" type="stmt"/>
      <line num="111" count="392" type="cond" truecount="2" falsecount="0"/>
      <line num="112" count="49" type="stmt"/>
      <line num="113" count="196" type="stmt"/>
      <line num="114" count="196" type="stmt"/>
      <line num="115" count="196" type="stmt"/>
      <line num="116" count="196" type="cond" truecount="2" falsecount="0"/>
      <line num="119" count="49" type="stmt"/>
      <line num="133" count="4" type="stmt"/>
      <line num="134" count="4" type="cond" truecount="2" falsecount="0"/>
      <line num="135" count="4" type="stmt"/>
      <line num="136" count="4" type="stmt"/>
      <line num="155" count="11" type="stmt"/>
      <line num="156" count="11" type="stmt"/>
      <line num="173" count="6" type="stmt"/>
      <line num="174" count="6" type="stmt"/>
      <line num="191" count="1" type="stmt"/>
      <line num="192" count="1" type="stmt"/>
    </file>
    <file name="TransactionList.tsx" path="C:\Users\PC\Desktop\proyectos-github\tenpo-transactions-challenge\frontend\src\components\TransactionList.tsx">
      <metrics statements="42" coveredstatements="33" conditionals="33" coveredconditionals="20" methods="13" coveredmethods="8"/>
      <line num="9" count="1" type="stmt"/>
      <line num="15" count="1" type="stmt"/>
      <line num="21" count="3" type="stmt"/>
      <line num="23" count="3" type="stmt"/>
      <line num="24" count="3" type="stmt"/>
      <line num="25" count="3" type="stmt"/>
      <line num="26" count="3" type="stmt"/>
      <line num="29" count="3" type="stmt"/>
      <line num="30" count="1" type="stmt"/>
      <line num="32" count="1" type="stmt"/>
      <line num="33" count="1" type="stmt"/>
      <line num="34" count="1" type="stmt"/>
      <line num="35" count="1" type="stmt"/>
      <line num="38" count="1" type="cond" truecount="1" falsecount="1"/>
      <line num="39" count="1" type="stmt"/>
      <line num="40" count="1" type="stmt"/>
      <line num="42" count="1" type="cond" truecount="1" falsecount="1"/>
      <line num="45" count="0" type="stmt"/>
      <line num="46" count="0" type="cond" truecount="0" falsecount="2"/>
      <line num="48" count="1" type="cond" truecount="1" falsecount="1"/>
      <line num="52" count="1" type="stmt"/>
      <line num="54" count="1" type="stmt"/>
      <line num="55" count="1" type="stmt"/>
      <line num="61" count="3" type="stmt"/>
      <line num="62" count="0" type="stmt"/>
      <line num="63" count="0" type="stmt"/>
      <line num="66" count="3" type="stmt"/>
      <line num="67" count="0" type="cond" truecount="0" falsecount="5"/>
      <line num="68" count="0" type="stmt"/>
      <line num="73" count="3" type="stmt"/>
      <line num="74" count="2" type="cond" truecount="2" falsecount="0"/>
      <line num="78" count="3" type="stmt"/>
      <line num="79" count="3" type="stmt"/>
      <line num="80" count="3" type="stmt"/>
      <line num="81" count="3" type="stmt"/>
      <line num="84" count="3" type="stmt"/>
      <line num="121" count="1" type="stmt"/>
      <line num="141" count="0" type="stmt"/>
      <line num="151" count="2" type="stmt"/>
      <line num="152" count="2" type="stmt"/>
      <line num="155" count="0" type="stmt"/>
      <line num="167" count="0" type="stmt"/>
    </file>
  </project>
</coverage>
