{"C:\\Users\\PC\\Desktop\\proyectos-github\\tenpo-transactions-challenge\\frontend\\src\\components\\TransactionForm.tsx": {"path":"C:\\Users\\PC\\Desktop\\proyectos-github\\tenpo-transactions-challenge\\frontend\\src\\components\\TransactionForm.tsx","statementMap":{"0":{"start":{"line":14,"column":26},"end":{"line":14,"column":null}},"1":{"start":{"line":15,"column":28},"end":{"line":15,"column":null}},"2":{"start":{"line":16,"column":30},"end":{"line":16,"column":null}},"3":{"start":{"line":17,"column":38},"end":{"line":17,"column":null}},"4":{"start":{"line":18,"column":44},"end":{"line":18,"column":null}},"5":{"start":{"line":20,"column":26},"end":{"line":20,"column":null}},"6":{"start":{"line":21,"column":28},"end":{"line":21,"column":null}},"7":{"start":{"line":23,"column":31},"end":{"line":28,"column":null}},"8":{"start":{"line":24,"column":16},"end":{"line":24,"column":null}},"9":{"start":{"line":24,"column":31},"end":{"line":24,"column":null}},"10":{"start":{"line":25,"column":4},"end":{"line":27,"column":null}},"11":{"start":{"line":30,"column":18},"end":{"line":30,"column":null}},"12":{"start":{"line":32,"column":22},"end":{"line":60,"column":null}},"13":{"start":{"line":33,"column":22},"end":{"line":33,"column":null}},"14":{"start":{"line":35,"column":4},"end":{"line":39,"column":null}},"15":{"start":{"line":36,"column":6},"end":{"line":36,"column":null}},"16":{"start":{"line":37,"column":4},"end":{"line":39,"column":null}},"17":{"start":{"line":38,"column":6},"end":{"line":38,"column":null}},"18":{"start":{"line":41,"column":4},"end":{"line":43,"column":null}},"19":{"start":{"line":42,"column":6},"end":{"line":42,"column":null}},"20":{"start":{"line":45,"column":4},"end":{"line":47,"column":null}},"21":{"start":{"line":46,"column":6},"end":{"line":46,"column":null}},"22":{"start":{"line":49,"column":4},"end":{"line":57,"column":null}},"23":{"start":{"line":50,"column":6},"end":{"line":50,"column":null}},"24":{"start":{"line":52,"column":27},"end":{"line":52,"column":null}},"25":{"start":{"line":53,"column":18},"end":{"line":53,"column":null}},"26":{"start":{"line":54,"column":6},"end":{"line":56,"column":null}},"27":{"start":{"line":55,"column":8},"end":{"line":55,"column":null}},"28":{"start":{"line":59,"column":4},"end":{"line":59,"column":null}},"29":{"start":{"line":62,"column":2},"end":{"line":64,"column":null}},"30":{"start":{"line":63,"column":4},"end":{"line":63,"column":null}},"31":{"start":{"line":66,"column":23},"end":{"line":109,"column":null}},"32":{"start":{"line":67,"column":4},"end":{"line":67,"column":null}},"33":{"start":{"line":69,"column":17},"end":{"line":69,"column":null}},"34":{"start":{"line":70,"column":4},"end":{"line":70,"column":null}},"35":{"start":{"line":71,"column":4},"end":{"line":71,"column":null}},"36":{"start":{"line":73,"column":4},"end":{"line":73,"column":null}},"37":{"start":{"line":73,"column":38},"end":{"line":73,"column":null}},"38":{"start":{"line":75,"column":22},"end":{"line":75,"column":null}},"39":{"start":{"line":76,"column":4},"end":{"line":78,"column":null}},"40":{"start":{"line":77,"column":6},"end":{"line":77,"column":null}},"41":{"start":{"line":80,"column":44},"end":{"line":85,"column":null}},"42":{"start":{"line":87,"column":4},"end":{"line":108,"column":null}},"43":{"start":{"line":88,"column":6},"end":{"line":88,"column":null}},"44":{"start":{"line":89,"column":6},"end":{"line":89,"column":null}},"45":{"start":{"line":89,"column":27},"end":{"line":89,"column":58}},"46":{"start":{"line":91,"column":6},"end":{"line":91,"column":null}},"47":{"start":{"line":92,"column":6},"end":{"line":92,"column":null}},"48":{"start":{"line":94,"column":6},"end":{"line":94,"column":null}},"49":{"start":{"line":95,"column":6},"end":{"line":95,"column":null}},"50":{"start":{"line":96,"column":6},"end":{"line":96,"column":null}},"51":{"start":{"line":97,"column":6},"end":{"line":97,"column":null}},"52":{"start":{"line":98,"column":6},"end":{"line":98,"column":null}},"53":{"start":{"line":99,"column":6},"end":{"line":99,"column":null}},"54":{"start":{"line":102,"column":8},"end":{"line":104,"column":null}},"55":{"start":{"line":105,"column":6},"end":{"line":105,"column":null}},"56":{"start":{"line":105,"column":27},"end":{"line":105,"column":52}},"57":{"start":{"line":107,"column":6},"end":{"line":107,"column":null}},"58":{"start":{"line":111,"column":20},"end":{"line":111,"column":null}},"59":{"start":{"line":111,"column":45},"end":{"line":111,"column":null}},"60":{"start":{"line":112,"column":21},"end":{"line":117,"column":null}},"61":{"start":{"line":113,"column":17},"end":{"line":113,"column":null}},"62":{"start":{"line":114,"column":18},"end":{"line":114,"column":null}},"63":{"start":{"line":115,"column":19},"end":{"line":115,"column":null}},"64":{"start":{"line":116,"column":4},"end":{"line":116,"column":null}},"65":{"start":{"line":119,"column":2},"end":{"line":216,"column":null}},"66":{"start":{"line":133,"column":22},"end":{"line":133,"column":null}},"67":{"start":{"line":134,"column":27},"end":{"line":134,"column":null}},"68":{"start":{"line":135,"column":12},"end":{"line":135,"column":null}},"69":{"start":{"line":136,"column":12},"end":{"line":136,"column":null}},"70":{"start":{"line":136,"column":31},"end":{"line":136,"column":54}},"71":{"start":{"line":155,"column":12},"end":{"line":155,"column":null}},"72":{"start":{"line":156,"column":12},"end":{"line":156,"column":null}},"73":{"start":{"line":156,"column":31},"end":{"line":156,"column":56}},"74":{"start":{"line":173,"column":12},"end":{"line":173,"column":null}},"75":{"start":{"line":174,"column":12},"end":{"line":174,"column":null}},"76":{"start":{"line":174,"column":31},"end":{"line":174,"column":60}},"77":{"start":{"line":191,"column":12},"end":{"line":191,"column":null}},"78":{"start":{"line":192,"column":12},"end":{"line":192,"column":null}},"79":{"start":{"line":192,"column":31},"end":{"line":192,"column":63}}},"fnMap":{"0":{"name":"TransactionForm","decl":{"start":{"line":13,"column":24},"end":{"line":13,"column":40}},"loc":{"start":{"line":13,"column":60},"end":{"line":218,"column":null}},"line":13},"1":{"name":"(anonymous_1)","decl":{"start":{"line":23,"column":31},"end":{"line":23,"column":32}},"loc":{"start":{"line":23,"column":44},"end":{"line":28,"column":null}},"line":23},"2":{"name":"(anonymous_2)","decl":{"start":{"line":24,"column":16},"end":{"line":24,"column":17}},"loc":{"start":{"line":24,"column":31},"end":{"line":24,"column":null}},"line":24},"3":{"name":"(anonymous_3)","decl":{"start":{"line":32,"column":22},"end":{"line":32,"column":36}},"loc":{"start":{"line":32,"column":36},"end":{"line":60,"column":null}},"line":32},"4":{"name":"(anonymous_4)","decl":{"start":{"line":62,"column":12},"end":{"line":62,"column":18}},"loc":{"start":{"line":62,"column":18},"end":{"line":64,"column":5}},"line":62},"5":{"name":"(anonymous_5)","decl":{"start":{"line":66,"column":23},"end":{"line":66,"column":30}},"loc":{"start":{"line":66,"column":53},"end":{"line":109,"column":null}},"line":66},"6":{"name":"(anonymous_6)","decl":{"start":{"line":89,"column":16},"end":{"line":89,"column":17}},"loc":{"start":{"line":89,"column":27},"end":{"line":89,"column":58}},"line":89},"7":{"name":"(anonymous_7)","decl":{"start":{"line":105,"column":16},"end":{"line":105,"column":17}},"loc":{"start":{"line":105,"column":27},"end":{"line":105,"column":52}},"line":105},"8":{"name":"(anonymous_8)","decl":{"start":{"line":111,"column":20},"end":{"line":111,"column":21}},"loc":{"start":{"line":111,"column":45},"end":{"line":111,"column":null}},"line":111},"9":{"name":"(anonymous_9)","decl":{"start":{"line":112,"column":21},"end":{"line":112,"column":22}},"loc":{"start":{"line":112,"column":46},"end":{"line":117,"column":null}},"line":112},"10":{"name":"(anonymous_10)","decl":{"start":{"line":132,"column":20},"end":{"line":132,"column":21}},"loc":{"start":{"line":132,"column":27},"end":{"line":137,"column":null}},"line":132},"11":{"name":"(anonymous_11)","decl":{"start":{"line":136,"column":23},"end":{"line":136,"column":24}},"loc":{"start":{"line":136,"column":31},"end":{"line":136,"column":54}},"line":136},"12":{"name":"(anonymous_12)","decl":{"start":{"line":154,"column":20},"end":{"line":154,"column":21}},"loc":{"start":{"line":154,"column":27},"end":{"line":157,"column":null}},"line":154},"13":{"name":"(anonymous_13)","decl":{"start":{"line":156,"column":23},"end":{"line":156,"column":24}},"loc":{"start":{"line":156,"column":31},"end":{"line":156,"column":56}},"line":156},"14":{"name":"(anonymous_14)","decl":{"start":{"line":172,"column":20},"end":{"line":172,"column":21}},"loc":{"start":{"line":172,"column":27},"end":{"line":175,"column":null}},"line":172},"15":{"name":"(anonymous_15)","decl":{"start":{"line":174,"column":23},"end":{"line":174,"column":24}},"loc":{"start":{"line":174,"column":31},"end":{"line":174,"column":60}},"line":174},"16":{"name":"(anonymous_16)","decl":{"start":{"line":190,"column":20},"end":{"line":190,"column":21}},"loc":{"start":{"line":190,"column":27},"end":{"line":193,"column":null}},"line":190},"17":{"name":"(anonymous_17)","decl":{"start":{"line":192,"column":23},"end":{"line":192,"column":24}},"loc":{"start":{"line":192,"column":31},"end":{"line":192,"column":63}},"line":192}},"branchMap":{"0":{"loc":{"start":{"line":35,"column":4},"end":{"line":39,"column":null}},"type":"if","locations":[{"start":{"line":35,"column":4},"end":{"line":39,"column":null}},{"start":{"line":37,"column":4},"end":{"line":39,"column":null}}],"line":35},"1":{"loc":{"start":{"line":37,"column":4},"end":{"line":39,"column":null}},"type":"if","locations":[{"start":{"line":37,"column":4},"end":{"line":39,"column":null}},{"start":{},"end":{}}],"line":37},"2":{"loc":{"start":{"line":41,"column":4},"end":{"line":43,"column":null}},"type":"if","locations":[{"start":{"line":41,"column":4},"end":{"line":43,"column":null}},{"start":{},"end":{}}],"line":41},"3":{"loc":{"start":{"line":45,"column":4},"end":{"line":47,"column":null}},"type":"if","locations":[{"start":{"line":45,"column":4},"end":{"line":47,"column":null}},{"start":{},"end":{}}],"line":45},"4":{"loc":{"start":{"line":49,"column":4},"end":{"line":57,"column":null}},"type":"if","locations":[{"start":{"line":49,"column":4},"end":{"line":57,"column":null}},{"start":{"line":51,"column":11},"end":{"line":57,"column":null}}],"line":49},"5":{"loc":{"start":{"line":54,"column":6},"end":{"line":56,"column":null}},"type":"if","locations":[{"start":{"line":54,"column":6},"end":{"line":56,"column":null}},{"start":{},"end":{}}],"line":54},"6":{"loc":{"start":{"line":73,"column":4},"end":{"line":73,"column":null}},"type":"if","locations":[{"start":{"line":73,"column":4},"end":{"line":73,"column":null}},{"start":{},"end":{}}],"line":73},"7":{"loc":{"start":{"line":76,"column":4},"end":{"line":78,"column":null}},"type":"if","locations":[{"start":{"line":76,"column":4},"end":{"line":78,"column":null}},{"start":{},"end":{}}],"line":76},"8":{"loc":{"start":{"line":102,"column":8},"end":{"line":104,"column":null}},"type":"binary-expr","locations":[{"start":{"line":102,"column":8},"end":{"line":102,"column":null}},{"start":{"line":103,"column":8},"end":{"line":103,"column":null}},{"start":{"line":104,"column":8},"end":{"line":104,"column":null}}],"line":102},"9":{"loc":{"start":{"line":111,"column":45},"end":{"line":111,"column":null}},"type":"binary-expr","locations":[{"start":{"line":111,"column":45},"end":{"line":111,"column":73}},{"start":{"line":111,"column":73},"end":{"line":111,"column":null}}],"line":111},"10":{"loc":{"start":{"line":116,"column":22},"end":{"line":116,"column":55}},"type":"cond-expr","locations":[{"start":{"line":116,"column":41},"end":{"line":116,"column":49}},{"start":{"line":116,"column":49},"end":{"line":116,"column":55}}],"line":116},"11":{"loc":{"start":{"line":121,"column":7},"end":{"line":124,"column":null}},"type":"binary-expr","locations":[{"start":{"line":121,"column":7},"end":{"line":121,"column":null}},{"start":{"line":122,"column":8},"end":{"line":124,"column":null}}],"line":121},"12":{"loc":{"start":{"line":131,"column":17},"end":{"line":131,"column":null}},"type":"cond-expr","locations":[{"start":{"line":131,"column":40},"end":{"line":131,"column":45}},{"start":{"line":131,"column":45},"end":{"line":131,"column":null}}],"line":131},"13":{"loc":{"start":{"line":134,"column":27},"end":{"line":134,"column":null}},"type":"cond-expr","locations":[{"start":{"line":134,"column":38},"end":{"line":134,"column":44}},{"start":{"line":134,"column":44},"end":{"line":134,"column":null}}],"line":134},"14":{"loc":{"start":{"line":144,"column":9},"end":{"line":145,"column":null}},"type":"binary-expr","locations":[{"start":{"line":144,"column":9},"end":{"line":144,"column":null}},{"start":{"line":145,"column":10},"end":{"line":145,"column":null}}],"line":144},"15":{"loc":{"start":{"line":162,"column":9},"end":{"line":163,"column":null}},"type":"binary-expr","locations":[{"start":{"line":162,"column":9},"end":{"line":162,"column":null}},{"start":{"line":163,"column":10},"end":{"line":163,"column":null}}],"line":162},"16":{"loc":{"start":{"line":180,"column":9},"end":{"line":181,"column":null}},"type":"binary-expr","locations":[{"start":{"line":180,"column":9},"end":{"line":180,"column":null}},{"start":{"line":181,"column":10},"end":{"line":181,"column":null}}],"line":180},"17":{"loc":{"start":{"line":198,"column":9},"end":{"line":199,"column":null}},"type":"binary-expr","locations":[{"start":{"line":198,"column":9},"end":{"line":198,"column":null}},{"start":{"line":199,"column":10},"end":{"line":199,"column":null}}],"line":198},"18":{"loc":{"start":{"line":206,"column":18},"end":{"line":206,"column":null}},"type":"binary-expr","locations":[{"start":{"line":206,"column":18},"end":{"line":206,"column":29}},{"start":{"line":206,"column":29},"end":{"line":206,"column":null}}],"line":206},"19":{"loc":{"start":{"line":207,"column":23},"end":{"line":207,"column":null}},"type":"binary-expr","locations":[{"start":{"line":207,"column":23},"end":{"line":207,"column":34}},{"start":{"line":207,"column":34},"end":{"line":207,"column":null}}],"line":207},"20":{"loc":{"start":{"line":209,"column":10},"end":{"line":211,"column":null}},"type":"cond-expr","locations":[{"start":{"line":210,"column":14},"end":{"line":210,"column":null}},{"start":{"line":211,"column":14},"end":{"line":211,"column":null}}],"line":209},"21":{"loc":{"start":{"line":209,"column":10},"end":{"line":209,"column":null}},"type":"binary-expr","locations":[{"start":{"line":209,"column":10},"end":{"line":209,"column":21}},{"start":{"line":209,"column":21},"end":{"line":209,"column":null}}],"line":209},"22":{"loc":{"start":{"line":214,"column":9},"end":{"line":214,"column":null}},"type":"cond-expr","locations":[{"start":{"line":214,"column":19},"end":{"line":214,"column":34}},{"start":{"line":214,"column":34},"end":{"line":214,"column":null}}],"line":214}},"s":{"0":49,"1":49,"2":49,"3":49,"4":49,"5":49,"6":49,"7":49,"8":49,"9":196,"10":49,"11":49,"12":49,"13":25,"14":25,"15":1,"16":24,"17":0,"18":25,"19":6,"20":25,"21":17,"22":25,"23":23,"24":2,"25":2,"26":2,"27":0,"28":25,"29":49,"30":24,"31":49,"32":1,"33":1,"34":1,"35":1,"36":1,"37":0,"38":1,"39":1,"40":1,"41":1,"42":1,"43":1,"44":1,"45":1,"46":1,"47":1,"48":1,"49":1,"50":1,"51":1,"52":1,"53":1,"54":0,"55":0,"56":0,"57":1,"58":49,"59":392,"60":49,"61":196,"62":196,"63":196,"64":196,"65":49,"66":4,"67":4,"68":4,"69":4,"70":4,"71":11,"72":11,"73":11,"74":6,"75":6,"76":6,"77":1,"78":1,"79":1},"f":{"0":49,"1":49,"2":196,"3":25,"4":24,"5":1,"6":1,"7":0,"8":392,"9":196,"10":4,"11":4,"12":11,"13":11,"14":6,"15":6,"16":1,"17":1},"b":{"0":[1,24],"1":[0,24],"2":[6,19],"3":[17,8],"4":[23,2],"5":[0,2],"6":[0,1],"7":[1,0],"8":[0,0,0],"9":[392,200],"10":[5,191],"11":[49,0],"12":[2,47],"13":[1,3],"14":[49,2],"15":[49,1],"16":[49,1],"17":[49,1],"18":[49,48],"19":[49,48],"20":[46,3],"21":[49,48],"22":[1,48]},"meta":{"lastBranch":23,"lastFunction":18,"lastStatement":80,"seen":{"f:13:24:13:40":0,"s:14:26:14:Infinity":0,"s:15:28:15:Infinity":1,"s:16:30:16:Infinity":2,"s:17:38:17:Infinity":3,"s:18:44:18:Infinity":4,"s:20:26:20:Infinity":5,"s:21:28:21:Infinity":6,"s:23:31:28:Infinity":7,"f:23:31:23:32":1,"s:24:16:24:Infinity":8,"f:24:16:24:17":2,"s:24:31:24:Infinity":9,"s:25:4:27:Infinity":10,"s:30:18:30:Infinity":11,"s:32:22:60:Infinity":12,"f:32:22:32:36":3,"s:33:22:33:Infinity":13,"b:35:4:39:Infinity:37:4:39:Infinity":0,"s:35:4:39:Infinity":14,"s:36:6:36:Infinity":15,"b:37:4:39:Infinity:undefined:undefined:undefined:undefined":1,"s:37:4:39:Infinity":16,"s:38:6:38:Infinity":17,"b:41:4:43:Infinity:undefined:undefined:undefined:undefined":2,"s:41:4:43:Infinity":18,"s:42:6:42:Infinity":19,"b:45:4:47:Infinity:undefined:undefined:undefined:undefined":3,"s:45:4:47:Infinity":20,"s:46:6:46:Infinity":21,"b:49:4:57:Infinity:51:11:57:Infinity":4,"s:49:4:57:Infinity":22,"s:50:6:50:Infinity":23,"s:52:27:52:Infinity":24,"s:53:18:53:Infinity":25,"b:54:6:56:Infinity:undefined:undefined:undefined:undefined":5,"s:54:6:56:Infinity":26,"s:55:8:55:Infinity":27,"s:59:4:59:Infinity":28,"s:62:2:64:Infinity":29,"f:62:12:62:18":4,"s:63:4:63:Infinity":30,"s:66:23:109:Infinity":31,"f:66:23:66:30":5,"s:67:4:67:Infinity":32,"s:69:17:69:Infinity":33,"s:70:4:70:Infinity":34,"s:71:4:71:Infinity":35,"b:73:4:73:Infinity:undefined:undefined:undefined:undefined":6,"s:73:4:73:Infinity":36,"s:73:38:73:Infinity":37,"s:75:22:75:Infinity":38,"b:76:4:78:Infinity:undefined:undefined:undefined:undefined":7,"s:76:4:78:Infinity":39,"s:77:6:77:Infinity":40,"s:80:44:85:Infinity":41,"s:87:4:108:Infinity":42,"s:88:6:88:Infinity":43,"s:89:6:89:Infinity":44,"f:89:16:89:17":6,"s:89:27:89:58":45,"s:91:6:91:Infinity":46,"s:92:6:92:Infinity":47,"s:94:6:94:Infinity":48,"s:95:6:95:Infinity":49,"s:96:6:96:Infinity":50,"s:97:6:97:Infinity":51,"s:98:6:98:Infinity":52,"s:99:6:99:Infinity":53,"s:102:8:104:Infinity":54,"b:102:8:102:Infinity:103:8:103:Infinity:104:8:104:Infinity":8,"s:105:6:105:Infinity":55,"f:105:16:105:17":7,"s:105:27:105:52":56,"s:107:6:107:Infinity":57,"s:111:20:111:Infinity":58,"f:111:20:111:21":8,"s:111:45:111:Infinity":59,"b:111:45:111:73:111:73:111:Infinity":9,"s:112:21:117:Infinity":60,"f:112:21:112:22":9,"s:113:17:113:Infinity":61,"s:114:18:114:Infinity":62,"s:115:19:115:Infinity":63,"s:116:4:116:Infinity":64,"b:116:41:116:49:116:49:116:55":10,"s:119:2:216:Infinity":65,"b:121:7:121:Infinity:122:8:124:Infinity":11,"b:131:40:131:45:131:45:131:Infinity":12,"f:132:20:132:21":10,"s:133:22:133:Infinity":66,"s:134:27:134:Infinity":67,"b:134:38:134:44:134:44:134:Infinity":13,"s:135:12:135:Infinity":68,"s:136:12:136:Infinity":69,"f:136:23:136:24":11,"s:136:31:136:54":70,"b:144:9:144:Infinity:145:10:145:Infinity":14,"f:154:20:154:21":12,"s:155:12:155:Infinity":71,"s:156:12:156:Infinity":72,"f:156:23:156:24":13,"s:156:31:156:56":73,"b:162:9:162:Infinity:163:10:163:Infinity":15,"f:172:20:172:21":14,"s:173:12:173:Infinity":74,"s:174:12:174:Infinity":75,"f:174:23:174:24":15,"s:174:31:174:60":76,"b:180:9:180:Infinity:181:10:181:Infinity":16,"f:190:20:190:21":16,"s:191:12:191:Infinity":77,"s:192:12:192:Infinity":78,"f:192:23:192:24":17,"s:192:31:192:63":79,"b:198:9:198:Infinity:199:10:199:Infinity":17,"b:206:18:206:29:206:29:206:Infinity":18,"b:207:23:207:34:207:34:207:Infinity":19,"b:210:14:210:Infinity:211:14:211:Infinity":20,"b:209:10:209:21:209:21:209:Infinity":21,"b:214:19:214:34:214:34:214:Infinity":22}}}
,"C:\\Users\\PC\\Desktop\\proyectos-github\\tenpo-transactions-challenge\\frontend\\src\\components\\TransactionList.tsx": {"path":"C:\\Users\\PC\\Desktop\\proyectos-github\\tenpo-transactions-challenge\\frontend\\src\\components\\TransactionList.tsx","statementMap":{"0":{"start":{"line":9,"column":26},"end":{"line":13,"column":null}},"1":{"start":{"line":15,"column":22},"end":{"line":18,"column":null}},"2":{"start":{"line":21,"column":38},"end":{"line":21,"column":null}},"3":{"start":{"line":23,"column":22},"end":{"line":23,"column":null}},"4":{"start":{"line":24,"column":22},"end":{"line":24,"column":null}},"5":{"start":{"line":25,"column":34},"end":{"line":25,"column":null}},"6":{"start":{"line":26,"column":28},"end":{"line":26,"column":null}},"7":{"start":{"line":29,"column":2},"end":{"line":57,"column":null}},"8":{"start":{"line":30,"column":19},"end":{"line":30,"column":null}},"9":{"start":{"line":32,"column":22},"end":{"line":50,"column":null}},"10":{"start":{"line":33,"column":6},"end":{"line":33,"column":null}},"11":{"start":{"line":34,"column":6},"end":{"line":49,"column":null}},"12":{"start":{"line":35,"column":51},"end":{"line":35,"column":null}},"13":{"start":{"line":38,"column":8},"end":{"line":43,"column":null}},"14":{"start":{"line":39,"column":10},"end":{"line":39,"column":null}},"15":{"start":{"line":40,"column":10},"end":{"line":40,"column":null}},"16":{"start":{"line":42,"column":10},"end":{"line":42,"column":null}},"17":{"start":{"line":42,"column":34},"end":{"line":42,"column":null}},"18":{"start":{"line":45,"column":8},"end":{"line":45,"column":null}},"19":{"start":{"line":46,"column":8},"end":{"line":46,"column":null}},"20":{"start":{"line":46,"column":22},"end":{"line":46,"column":null}},"21":{"start":{"line":48,"column":8},"end":{"line":48,"column":null}},"22":{"start":{"line":48,"column":22},"end":{"line":48,"column":null}},"23":{"start":{"line":52,"column":4},"end":{"line":52,"column":null}},"24":{"start":{"line":54,"column":4},"end":{"line":56,"column":null}},"25":{"start":{"line":55,"column":6},"end":{"line":55,"column":null}},"26":{"start":{"line":61,"column":27},"end":{"line":64,"column":null}},"27":{"start":{"line":62,"column":4},"end":{"line":62,"column":null}},"28":{"start":{"line":63,"column":4},"end":{"line":63,"column":null}},"29":{"start":{"line":66,"column":15},"end":{"line":70,"column":null}},"30":{"start":{"line":67,"column":4},"end":{"line":69,"column":null}},"31":{"start":{"line":68,"column":6},"end":{"line":68,"column":null}},"32":{"start":{"line":73,"column":8},"end":{"line":75,"column":null}},"33":{"start":{"line":74,"column":4},"end":{"line":74,"column":null}},"34":{"start":{"line":74,"column":61},"end":{"line":74,"column":62}},"35":{"start":{"line":78,"column":23},"end":{"line":78,"column":null}},"36":{"start":{"line":79,"column":25},"end":{"line":79,"column":null}},"37":{"start":{"line":80,"column":27},"end":{"line":80,"column":null}},"38":{"start":{"line":81,"column":27},"end":{"line":81,"column":null}},"39":{"start":{"line":84,"column":2},"end":{"line":177,"column":null}},"40":{"start":{"line":121,"column":16},"end":{"line":133,"column":null}},"41":{"start":{"line":141,"column":29},"end":{"line":141,"column":null}},"42":{"start":{"line":151,"column":33},"end":{"line":151,"column":null}},"43":{"start":{"line":152,"column":16},"end":{"line":161,"column":null}},"44":{"start":{"line":155,"column":35},"end":{"line":155,"column":null}},"45":{"start":{"line":167,"column":29},"end":{"line":167,"column":null}}},"fnMap":{"0":{"name":"TransactionList","decl":{"start":{"line":20,"column":24},"end":{"line":20,"column":40}},"loc":{"start":{"line":20,"column":63},"end":{"line":179,"column":null}},"line":20},"1":{"name":"(anonymous_1)","decl":{"start":{"line":29,"column":12},"end":{"line":29,"column":18}},"loc":{"start":{"line":29,"column":18},"end":{"line":57,"column":5}},"line":29},"2":{"name":"(anonymous_2)","decl":{"start":{"line":32,"column":22},"end":{"line":32,"column":34}},"loc":{"start":{"line":32,"column":34},"end":{"line":50,"column":null}},"line":32},"3":{"name":"(anonymous_3)","decl":{"start":{"line":54,"column":11},"end":{"line":54,"column":17}},"loc":{"start":{"line":54,"column":17},"end":{"line":56,"column":null}},"line":54},"4":{"name":"(anonymous_4)","decl":{"start":{"line":61,"column":27},"end":{"line":61,"column":28}},"loc":{"start":{"line":61,"column":72},"end":{"line":64,"column":null}},"line":61},"5":{"name":"(anonymous_5)","decl":{"start":{"line":66,"column":15},"end":{"line":66,"column":16}},"loc":{"start":{"line":66,"column":36},"end":{"line":70,"column":null}},"line":66},"6":{"name":"(anonymous_6)","decl":{"start":{"line":73,"column":36},"end":{"line":73,"column":42}},"loc":{"start":{"line":73,"column":42},"end":{"line":75,"column":5}},"line":73},"7":{"name":"(anonymous_7)","decl":{"start":{"line":74,"column":51},"end":{"line":74,"column":52}},"loc":{"start":{"line":74,"column":61},"end":{"line":74,"column":62}},"line":74},"8":{"name":"(anonymous_8)","decl":{"start":{"line":120,"column":32},"end":{"line":120,"column":33}},"loc":{"start":{"line":121,"column":16},"end":{"line":133,"column":null}},"line":121},"9":{"name":"(anonymous_9)","decl":{"start":{"line":141,"column":23},"end":{"line":141,"column":29}},"loc":{"start":{"line":141,"column":29},"end":{"line":141,"column":null}},"line":141},"10":{"name":"(anonymous_10)","decl":{"start":{"line":150,"column":37},"end":{"line":150,"column":38}},"loc":{"start":{"line":150,"column":44},"end":{"line":163,"column":15}},"line":150},"11":{"name":"(anonymous_11)","decl":{"start":{"line":155,"column":29},"end":{"line":155,"column":35}},"loc":{"start":{"line":155,"column":35},"end":{"line":155,"column":null}},"line":155},"12":{"name":"(anonymous_12)","decl":{"start":{"line":167,"column":23},"end":{"line":167,"column":29}},"loc":{"start":{"line":167,"column":29},"end":{"line":167,"column":null}},"line":167}},"branchMap":{"0":{"loc":{"start":{"line":38,"column":8},"end":{"line":43,"column":null}},"type":"if","locations":[{"start":{"line":38,"column":8},"end":{"line":43,"column":null}},{"start":{},"end":{}}],"line":38},"1":{"loc":{"start":{"line":42,"column":10},"end":{"line":42,"column":null}},"type":"if","locations":[{"start":{"line":42,"column":10},"end":{"line":42,"column":null}},{"start":{},"end":{}}],"line":42},"2":{"loc":{"start":{"line":46,"column":8},"end":{"line":46,"column":null}},"type":"if","locations":[{"start":{"line":46,"column":8},"end":{"line":46,"column":null}},{"start":{},"end":{}}],"line":46},"3":{"loc":{"start":{"line":48,"column":8},"end":{"line":48,"column":null}},"type":"if","locations":[{"start":{"line":48,"column":8},"end":{"line":48,"column":null}},{"start":{},"end":{}}],"line":48},"4":{"loc":{"start":{"line":67,"column":4},"end":{"line":69,"column":null}},"type":"if","locations":[{"start":{"line":67,"column":4},"end":{"line":69,"column":null}},{"start":{},"end":{}}],"line":67},"5":{"loc":{"start":{"line":67,"column":8},"end":{"line":67,"column":63}},"type":"binary-expr","locations":[{"start":{"line":67,"column":8},"end":{"line":67,"column":25}},{"start":{"line":67,"column":25},"end":{"line":67,"column":40}},{"start":{"line":67,"column":40},"end":{"line":67,"column":63}}],"line":67},"6":{"loc":{"start":{"line":74,"column":32},"end":{"line":74,"column":48}},"type":"binary-expr","locations":[{"start":{"line":74,"column":32},"end":{"line":74,"column":46}},{"start":{"line":74,"column":46},"end":{"line":74,"column":48}}],"line":74},"7":{"loc":{"start":{"line":91,"column":34},"end":{"line":91,"column":null}},"type":"binary-expr","locations":[{"start":{"line":91,"column":34},"end":{"line":91,"column":48}},{"start":{"line":91,"column":48},"end":{"line":91,"column":null}}],"line":91},"8":{"loc":{"start":{"line":109,"column":7},"end":{"line":175,"column":null}},"type":"cond-expr","locations":[{"start":{"line":110,"column":8},"end":{"line":110,"column":null}},{"start":{"line":112,"column":8},"end":{"line":175,"column":null}}],"line":109},"9":{"loc":{"start":{"line":113,"column":11},"end":{"line":135,"column":null}},"type":"cond-expr","locations":[{"start":{"line":114,"column":12},"end":{"line":117,"column":null}},{"start":{"line":119,"column":12},"end":{"line":135,"column":null}}],"line":113},"10":{"loc":{"start":{"line":144,"column":44},"end":{"line":144,"column":91}},"type":"cond-expr","locations":[{"start":{"line":144,"column":56},"end":{"line":144,"column":75}},{"start":{"line":144,"column":75},"end":{"line":144,"column":91}}],"line":144},"11":{"loc":{"start":{"line":157,"column":34},"end":{"line":157,"column":null}},"type":"cond-expr","locations":[{"start":{"line":157,"column":45},"end":{"line":157,"column":54}},{"start":{"line":157,"column":54},"end":{"line":157,"column":null}}],"line":157},"12":{"loc":{"start":{"line":158,"column":50},"end":{"line":158,"column":94}},"type":"cond-expr","locations":[{"start":{"line":158,"column":61},"end":{"line":158,"column":78}},{"start":{"line":158,"column":78},"end":{"line":158,"column":94}}],"line":158},"13":{"loc":{"start":{"line":168,"column":24},"end":{"line":168,"column":null}},"type":"cond-expr","locations":[{"start":{"line":168,"column":37},"end":{"line":168,"column":62}},{"start":{"line":168,"column":62},"end":{"line":168,"column":null}}],"line":168},"14":{"loc":{"start":{"line":170,"column":44},"end":{"line":170,"column":118}},"type":"cond-expr","locations":[{"start":{"line":170,"column":83},"end":{"line":170,"column":102}},{"start":{"line":170,"column":102},"end":{"line":170,"column":118}}],"line":170},"15":{"loc":{"start":{"line":170,"column":44},"end":{"line":170,"column":83}},"type":"binary-expr","locations":[{"start":{"line":170,"column":44},"end":{"line":170,"column":58}},{"start":{"line":170,"column":58},"end":{"line":170,"column":83}}],"line":170}},"s":{"0":1,"1":1,"2":3,"3":3,"4":3,"5":3,"6":3,"7":3,"8":1,"9":1,"10":1,"11":1,"12":1,"13":1,"14":1,"15":1,"16":1,"17":0,"18":0,"19":0,"20":0,"21":1,"22":1,"23":1,"24":1,"25":1,"26":3,"27":0,"28":0,"29":3,"30":0,"31":0,"32":3,"33":2,"34":2,"35":3,"36":3,"37":3,"38":3,"39":3,"40":1,"41":0,"42":2,"43":2,"44":0,"45":0},"f":{"0":3,"1":1,"2":1,"3":1,"4":0,"5":0,"6":2,"7":2,"8":1,"9":0,"10":2,"11":0,"12":0},"b":{"0":[1,0],"1":[0,1],"2":[0,0],"3":[1,0],"4":[0,0],"5":[0,0,0],"6":[2,1],"7":[3,2],"8":[1,2],"9":[1,1],"10":[2,0],"11":[2,0],"12":[2,0],"13":[1,1],"14":[1,1],"15":[2,1]},"meta":{"lastBranch":16,"lastFunction":13,"lastStatement":46,"seen":{"s:9:26:13:Infinity":0,"s:15:22:18:Infinity":1,"f:20:24:20:40":0,"s:21:38:21:Infinity":2,"s:23:22:23:Infinity":3,"s:24:22:24:Infinity":4,"s:25:34:25:Infinity":5,"s:26:28:26:Infinity":6,"s:29:2:57:Infinity":7,"f:29:12:29:18":1,"s:30:19:30:Infinity":8,"s:32:22:50:Infinity":9,"f:32:22:32:34":2,"s:33:6:33:Infinity":10,"s:34:6:49:Infinity":11,"s:35:51:35:Infinity":12,"b:38:8:43:Infinity:undefined:undefined:undefined:undefined":0,"s:38:8:43:Infinity":13,"s:39:10:39:Infinity":14,"s:40:10:40:Infinity":15,"b:42:10:42:Infinity:undefined:undefined:undefined:undefined":1,"s:42:10:42:Infinity":16,"s:42:34:42:Infinity":17,"s:45:8:45:Infinity":18,"b:46:8:46:Infinity:undefined:undefined:undefined:undefined":2,"s:46:8:46:Infinity":19,"s:46:22:46:Infinity":20,"b:48:8:48:Infinity:undefined:undefined:undefined:undefined":3,"s:48:8:48:Infinity":21,"s:48:22:48:Infinity":22,"s:52:4:52:Infinity":23,"s:54:4:56:Infinity":24,"f:54:11:54:17":3,"s:55:6:55:Infinity":25,"s:61:27:64:Infinity":26,"f:61:27:61:28":4,"s:62:4:62:Infinity":27,"s:63:4:63:Infinity":28,"s:66:15:70:Infinity":29,"f:66:15:66:16":5,"b:67:4:69:Infinity:undefined:undefined:undefined:undefined":4,"s:67:4:69:Infinity":30,"b:67:8:67:25:67:25:67:40:67:40:67:63":5,"s:68:6:68:Infinity":31,"s:73:8:75:Infinity":32,"f:73:36:73:42":6,"s:74:4:74:Infinity":33,"b:74:32:74:46:74:46:74:48":6,"f:74:51:74:52":7,"s:74:61:74:62":34,"s:78:23:78:Infinity":35,"s:79:25:79:Infinity":36,"s:80:27:80:Infinity":37,"s:81:27:81:Infinity":38,"s:84:2:177:Infinity":39,"b:91:34:91:48:91:48:91:Infinity":7,"b:110:8:110:Infinity:112:8:175:Infinity":8,"b:114:12:117:Infinity:119:12:135:Infinity":9,"f:120:32:120:33":8,"s:121:16:133:Infinity":40,"f:141:23:141:29":9,"s:141:29:141:Infinity":41,"b:144:56:144:75:144:75:144:91":10,"f:150:37:150:38":10,"s:151:33:151:Infinity":42,"s:152:16:161:Infinity":43,"f:155:29:155:35":11,"s:155:35:155:Infinity":44,"b:157:45:157:54:157:54:157:Infinity":11,"b:158:61:158:78:158:78:158:94":12,"f:167:23:167:29":12,"s:167:29:167:Infinity":45,"b:168:37:168:62:168:62:168:Infinity":13,"b:170:83:170:102:170:102:170:118":14,"b:170:44:170:58:170:58:170:83":15}}}
}
